============================================================
  Generated by:           Genus(TM) Synthesis Solution 22.11-s104_1
  Generated on:           Mar 09 2025  01:43:32 pm
  Module:                 ChipTop
  Library domain:         ss_100C_1v60.setup_cond
    Domain index:         0
    Technology libraries: sky130_ss_1.62_125 1.0
                          sram22_64x32m4w32_macro 1.0
                          sram22_1024x32m8w8 1.0
                          sram22_64x24m4w8 1.0
  Library domain:         tt_025C_1v80.extra_cond
    Domain index:         1
    Technology libraries: sky130_tt_1.8_25 1.0
                          sram22_64x32m4w32_macro 1.0
                          sram22_1024x32m8w8 1.0
                          sram22_64x24m4w8 1.0
  Operating conditions:   ss_1.62_125 
  Operating conditions:   tt_1.8_25 
  Interconnect mode:      global
  Area mode:              physical library
============================================================

                                             Leakage                        Library 
       Gate         Instances     Area     Power (nW)        Library         Domain 
------------------------------------------------------------------------------------
ADDFX1                    336    10877.933    298.027    sky130_tt_1.8_25         1 
ADDHX1                    799    16737.772    931.132    sky130_tt_1.8_25         1 
AND2X1                    645     6141.690    257.895    sky130_tt_1.8_25         1 
AND2X2                    955     9093.510    473.692    sky130_tt_1.8_25         1 
AND3X2                    178     2033.899    117.069    sky130_tt_1.8_25         1 
AND4X1                    129     1719.673    131.574    sky130_tt_1.8_25         1 
AND4X2                      3       39.992      1.849    sky130_tt_1.8_25         1 
AOI211X1                  164     1873.930     10.046    sky130_tt_1.8_25         1 
AOI211X2                    3       57.132      0.394    sky130_tt_1.8_25         1 
AOI21X1                   789     7512.858     65.433    sky130_tt_1.8_25         1 
AOI21X2                    70     1066.464     15.818    sky130_tt_1.8_25         1 
AOI221X1                  560     7465.248     22.247    sky130_tt_1.8_25         1 
AOI221X2                    1       24.757      0.083    sky130_tt_1.8_25         1 
AOI222X1                  581     9958.108     30.722    sky130_tt_1.8_25         1 
AOI222X2                    1       28.566      0.108    sky130_tt_1.8_25         1 
AOI22X1                  4822    55098.101    156.256    sky130_tt_1.8_25         1 
AOI22X2                    28      533.232      6.890    sky130_tt_1.8_25         1 
BUFX16                     59     2247.192    141.802    sky130_tt_1.8_25         1 
BUFX2                     181     1723.482     87.696    sky130_tt_1.8_25         1 
BUFX4                      41      468.482     28.700    sky130_tt_1.8_25         1 
BUFX8                      14      293.278     19.633    sky130_tt_1.8_25         1 
CLKAND2X2                1450    13806.900    741.422    sky130_tt_1.8_25         1 
CLKBUFX2                    4       38.088      2.030    sky130_tt_1.8_25         1 
CLKBUFX4                    7       79.985      5.175    sky130_tt_1.8_25         1 
CLKBUFX8                    9      188.536     13.135    sky130_tt_1.8_25         1 
CLKINVX1                 1696     9689.587    202.179    sky130_tt_1.8_25         1 
CLKINVX2                 1702     9723.866    443.978    sky130_tt_1.8_25         1 
CLKINVX4                   76      723.672     32.890    sky130_tt_1.8_25         1 
CLKINVX8                  204     3496.478    184.616    sky130_tt_1.8_25         1 
CLKMX2X2                  275     4189.680    196.140    sky130_tt_1.8_25         1 
CLKXOR2X1                 612     8158.450    621.726    sky130_tt_1.8_25         1 
DFFRX1                    272    10359.936    600.657    sky130_tt_1.8_25         1 
DFFRX4                      2      102.838      5.513    sky130_tt_1.8_25         1 
DFFSX1                      2       76.176      4.120    sky130_tt_1.8_25         1 
DFFSX4                      2      102.838      6.402    sky130_tt_1.8_25         1 
DFFX1                     950    32565.240   1875.782    sky130_tt_1.8_25         1 
DFFX4                      77     3519.331    198.123    sky130_tt_1.8_25         1 
INVX16                     16      517.997     29.033    sky130_tt_1.8_25         1 
INVX2                    1100     6284.520    200.608    sky130_tt_1.8_25         1 
INVX4                      11      104.742      5.221    sky130_tt_1.8_25         1 
INVX8                      32      548.467     31.615    sky130_tt_1.8_25         1 
MX2X1                    3402    51830.150   1995.029    sky130_tt_1.8_25         1 
MX2X4                      16      304.704     16.162    sky130_tt_1.8_25         1 
MX4X1                     250     7617.600    381.503    sky130_tt_1.8_25         1 
NAND2X1                  2703    20590.373    365.683    sky130_tt_1.8_25         1 
NAND2X2                   106     1009.332     40.353    sky130_tt_1.8_25         1 
NAND2X4                   114     1953.914     39.263    sky130_tt_1.8_25         1 
NAND3X1                   265     2523.330     59.333    sky130_tt_1.8_25         1 
NAND3X2                     6       91.411      0.426    sky130_tt_1.8_25         1 
NAND3X4                     7      186.631      2.699    sky130_tt_1.8_25         1 
NAND4X1                   885    10112.364    683.626    sky130_tt_1.8_25         1 
NAND4X2                     2       38.088      2.134    sky130_tt_1.8_25         1 
NOR2X1                   1924    14656.262    161.948    sky130_tt_1.8_25         1 
NOR2X2                    101     1154.066     18.208    sky130_tt_1.8_25         1 
NOR2X4                     12      205.675      2.671    sky130_tt_1.8_25         1 
NOR3X1                    279     2656.638     12.804    sky130_tt_1.8_25         1 
NOR3X2                      7      106.646      0.870    sky130_tt_1.8_25         1 
NOR3X4                      4      106.646      0.817    sky130_tt_1.8_25         1 
NOR4X1                    414     4730.530     11.595    sky130_tt_1.8_25         1 
NOR4X2                     26      495.144      2.262    sky130_tt_1.8_25         1 
NOR4X4                      1       34.279      0.156    sky130_tt_1.8_25         1 
OAI211X1                  186     2125.310     53.288    sky130_tt_1.8_25         1 
OAI211X2                    4       76.176      2.890    sky130_tt_1.8_25         1 
OAI21X1                  1375    13092.750    261.324    sky130_tt_1.8_25         1 
OAI21X2                    56      853.171     14.994    sky130_tt_1.8_25         1 
OAI221X1                  403     5372.312     90.160    sky130_tt_1.8_25         1 
OAI221X2                    2       49.455      1.301    sky130_tt_1.8_25         1 
OAI222X1                  192     2925.158     36.210    sky130_tt_1.8_25         1 
OAI222X2                    1       28.566      0.298    sky130_tt_1.8_25         1 
OAI22X1                   681     7781.378    100.824    sky130_tt_1.8_25         1 
OAI22X2                    11      209.484      3.150    sky130_tt_1.8_25         1 
OR2X1                     606     5770.332    165.457    sky130_tt_1.8_25         1 
OR2X2                     216     2056.752     63.748    sky130_tt_1.8_25         1 
OR3X1                     109     1245.478     21.039    sky130_tt_1.8_25         1 
OR3X2                      21      239.954      4.106    sky130_tt_1.8_25         1 
OR4X1                     162     2159.590     29.765    sky130_tt_1.8_25         1 
OR4X2                      23      306.608      6.326    sky130_tt_1.8_25         1 
SDFFRX1                     2       95.220      5.740    sky130_tt_1.8_25         1 
SDFFSX1                     1       47.610      2.586    sky130_tt_1.8_25         1 
SDFFSX4                     2      118.073      7.752    sky130_tt_1.8_25         1 
SDFFX1                  10666   467183.599  27266.558    sky130_tt_1.8_25         1 
SDFFX4                    400    22091.040   1372.699    sky130_tt_1.8_25         1 
TIEHI                     288     1645.402      0.000    sky130_tt_1.8_25         1 
TIELO                   10727    61285.496      0.000    sky130_tt_1.8_25         1 
TLATX1                      1       28.566      1.364    sky130_tt_1.8_25         1 
XNOR2X1                   109     1660.637    113.910    sky130_tt_1.8_25         1 
XNOR2X2                     6       91.411      6.937    sky130_tt_1.8_25         1 
sram22_1024x32m8w8          5  1758821.936   8041.634    sram22_1024x32m8w8       1 
sram22_64x24m4w8            1    57002.040     77.042    sram22_64x24m4w8         1 
------------------------------------------------------------------------------------
total                   55638  2774039.916  49746.072                       


                                                       Leakage  Leakage 
      Library      Instances Instances %     Area    Power (nW) Power % 
------------------------------------------------------------------------
sky130_tt_1.8_25       55632       100.0  958215.940  41627.397    83.7 
sram22_1024x32m8w8         5         0.0 1758821.936   8041.634    16.2 
sram22_64x24m4w8           1         0.0   57002.040     77.042     0.2 

                                              Leakage  Leakage 
     Type      Instances     Area    Area % Power (nW) Power % 
---------------------------------------------------------------
timing_model           6 1815823.976   65.5   8118.675    16.3 
sequential         12377  536290.466   19.3  31347.298    63.0 
inverter            4837   31089.330    1.1   1130.140     2.3 
buffer               315    5039.042    0.2    298.170     0.6 
logic              38103  385797.101   13.9   8851.790    17.8 
physical_cells         0       0.000    0.0      0.000     0.0 
---------------------------------------------------------------
total              55638 2774039.916  100.0  49746.072   100.0 

