Power Unit: W
PDB Frame : /stim#0/frame#0 
--------------------------------------------------------------------------------------
Leakage     Internal    Switching   Total       Gate               Library
--------------------------------------------------------------------------------------
9.65183e-07 7.40192e-05 4.49519e-04 5.24503e-04 CLKINVX2           sky130_ss_1.62_125
0.00000e+00 0.00000e+00 0.00000e+00 0.00000e+00 TIELO              sky130_ss_1.62_125
0.00000e+00 0.00000e+00 0.00000e+00 0.00000e+00 TIEHI              sky130_ss_1.62_125
1.39191e-08 1.48119e-06 2.50630e-07 1.74574e-06 DFFSX1             sky130_ss_1.62_125
4.36114e-07 4.29838e-05 1.23964e-04 1.67384e-04 INVX2              sky130_ss_1.62_125
4.39500e-07 4.72760e-05 1.41899e-04 1.89614e-04 CLKINVX1           sky130_ss_1.62_125
2.03243e-06 1.85434e-04 1.76956e-05 2.05162e-04 DFFRX1             sky130_ss_1.62_125
2.42896e-07 3.89199e-05 3.72349e-05 7.63977e-05 BUFX2              sky130_ss_1.62_125
6.23867e-08 1.57235e-05 5.23244e-05 6.81103e-05 BUFX4              sky130_ss_1.62_125
7.14907e-08 7.48113e-06 1.24636e-04 1.32188e-04 CLKINVX4           sky130_ss_1.62_125
4.01312e-07 3.67428e-05 2.57598e-04 2.94742e-04 CLKINVX8           sky130_ss_1.62_125
6.31104e-08 5.63592e-06 7.58954e-05 8.15944e-05 INVX16             sky130_ss_1.62_125
3.17375e-07 1.67185e-05 2.02113e-05 3.72471e-05 AND3X2             sky130_ss_1.62_125
1.81126e-06 1.06747e-04 1.52589e-04 2.61147e-04 CLKAND2X2          sky130_ss_1.62_125
1.48513e-06 3.12524e-05 2.94966e-05 6.22342e-05 NAND4X1            sky130_ss_1.62_125
7.87828e-07 8.91425e-05 3.26271e-04 4.16202e-04 NAND2X1            sky130_ss_1.62_125
1.82488e-08 4.99954e-06 1.32123e-05 1.82301e-05 OR4X2              sky130_ss_1.62_125
3.71519e-07 6.77066e-05 1.75142e-04 2.43220e-04 NOR2X1             sky130_ss_1.62_125
2.03029e-06 1.42481e-04 8.29300e-05 2.27441e-04 CLKXOR2X1          sky130_ss_1.62_125
2.84060e-06 1.80599e-04 9.84857e-05 2.81926e-04 ADDHX1             sky130_ss_1.62_125
6.24316e-06 6.09020e-04 1.56969e-04 7.72233e-04 DFFX1              sky130_ss_1.62_125
3.08245e-07 6.08974e-05 7.95630e-05 1.40769e-04 BUFX16             sky130_ss_1.62_125
2.69950e-08 2.27958e-05 2.03076e-05 4.31305e-05 NOR4X1             sky130_ss_1.62_125
1.28022e-07 1.05776e-05 2.16371e-05 3.23428e-05 NAND3X1            sky130_ss_1.62_125
1.36181e-08 3.87854e-06 4.11451e-06 8.00667e-06 OR3X2              sky130_ss_1.62_125
9.04728e-08 2.20934e-05 1.35018e-05 3.56856e-05 OR4X1              sky130_ss_1.62_125
5.46982e-07 6.40161e-05 6.77163e-05 1.32279e-04 OR2X1              sky130_ss_1.62_125
1.99241e-07 3.38748e-05 9.22973e-05 1.26371e-04 OR2X2              sky130_ss_1.62_125
3.06261e-08 1.09441e-05 1.53254e-05 2.63002e-05 NOR3X1             sky130_ss_1.62_125
1.95183e-09 4.55260e-07 1.16782e-06 1.62503e-06 NOR3X4             sky130_ss_1.62_125
6.58004e-06 5.85281e-04 3.73829e-04 9.65689e-04 MX2X1              sky130_ss_1.62_125
2.31720e-07 6.30803e-05 6.81260e-05 1.31438e-04 OAI22X1            sky130_ss_1.62_125
1.59088e-07 5.15864e-05 7.61757e-05 1.27921e-04 AOI21X1            sky130_ss_1.62_125
1.16466e-07 1.74407e-05 2.35604e-05 4.11176e-05 OAI211X1           sky130_ss_1.62_125
6.66154e-08 8.36501e-05 5.66259e-05 1.40343e-04 AOI222X1           sky130_ss_1.62_125
3.30829e-07 2.05884e-04 2.20559e-04 4.26774e-04 AOI22X1            sky130_ss_1.62_125
2.01711e-07 4.57737e-05 4.75690e-05 9.35444e-05 OAI221X1           sky130_ss_1.62_125
5.82021e-07 7.01001e-05 1.05917e-04 1.76599e-04 OAI21X1            sky130_ss_1.62_125
5.08940e-08 3.88286e-05 3.65345e-05 7.54140e-05 AOI221X1           sky130_ss_1.62_125
8.16338e-08 3.17249e-05 2.41285e-05 5.59351e-05 OAI222X1           sky130_ss_1.62_125
4.25372e-07 4.78090e-06 3.03700e-06 8.24328e-06 AND4X1             sky130_ss_1.62_125
1.12861e-06 5.20088e-05 1.46402e-04 1.99540e-04 AND2X2             sky130_ss_1.62_125
3.77314e-07 2.39848e-05 1.35712e-05 3.79333e-05 XNOR2X1            sky130_ss_1.62_125
5.56242e-07 7.49952e-05 3.22746e-05 1.07826e-04 DFFX4              sky130_ss_1.62_125
4.18486e-08 4.34430e-06 2.68649e-05 3.12511e-05 NOR2X2             sky130_ss_1.62_125
9.20311e-05 8.35677e-03 1.23232e-03 9.68112e-03 SDFFX1             sky130_ss_1.62_125
8.73644e-08 6.19260e-06 8.82055e-05 9.44855e-05 NAND2X2            sky130_ss_1.62_125
7.20776e-08 1.58232e-05 1.28193e-05 2.87146e-05 OR3X1              sky130_ss_1.62_125
5.44406e-09 2.47571e-06 2.68219e-06 5.16334e-06 NOR4X2             sky130_ss_1.62_125
7.32027e-07 5.30451e-05 4.51786e-05 9.89557e-05 AND2X1             sky130_ss_1.62_125
2.14817e-08 1.38884e-06 2.09400e-06 3.50432e-06 XNOR2X2            sky130_ss_1.62_125
6.14816e-07 5.48727e-05 1.03092e-04 1.58579e-04 CLKMX2X2           sky130_ss_1.62_125
1.95251e-08 1.72526e-06 4.81577e-07 2.22636e-06 SDFFRX1            sky130_ss_1.62_125
8.43363e-08 9.94207e-06 1.45499e-04 1.55525e-04 NAND2X4            sky130_ss_1.62_125
1.13490e-08 1.14386e-06 2.45463e-05 2.57015e-05 INVX4              sky130_ss_1.62_125
3.88727e-06 4.67936e-04 2.00597e-04 6.72420e-04 SDFFX4             sky130_ss_1.62_125
2.85530e-08 3.80088e-06 2.93523e-05 3.31817e-05 CLKBUFX8           sky130_ss_1.62_125
6.87190e-08 6.13674e-06 1.33870e-04 1.40075e-04 INVX8              sky130_ss_1.62_125
4.78538e-09 3.92336e-07 1.63690e-06 2.03402e-06 AND4X2             sky130_ss_1.62_125
8.48166e-10 2.67402e-07 1.75403e-06 2.02228e-06 NAND3X2            sky130_ss_1.62_125
6.58482e-09 9.96663e-07 5.49412e-06 6.49737e-06 NOR2X4             sky130_ss_1.62_125
2.05640e-09 5.08811e-07 9.70710e-07 1.48158e-06 NOR3X2             sky130_ss_1.62_125
2.37250e-08 1.41092e-05 1.42763e-05 2.84092e-05 AOI211X1           sky130_ss_1.62_125
3.42069e-08 5.03809e-06 3.28177e-05 3.78900e-05 AOI21X2            sky130_ss_1.62_125
9.28340e-10 2.22444e-07 4.76884e-07 7.00257e-07 AOI211X2           sky130_ss_1.62_125
3.32908e-08 4.53811e-06 2.75676e-05 3.21390e-05 OAI21X2            sky130_ss_1.62_125
1.48358e-08 3.42858e-06 1.39285e-05 1.73719e-05 AOI22X2            sky130_ss_1.62_125
4.01309e-08 5.23212e-06 3.17183e-05 3.69906e-05 MX2X4              sky130_ss_1.62_125
1.30762e-06 1.99944e-04 5.23287e-05 2.53580e-04 MX4X1              sky130_ss_1.62_125
0.00000e+00 4.30146e-05 1.95840e-06 4.49730e-05 sram22_64x24m4w8   sram22_64x24m4w8
0.00000e+00 1.56716e-04 1.50733e-05 1.71789e-04 sram22_1024x32m8w8 sram22_1024x32m8w8
4.26787e-08 7.28560e-06 3.85761e-05 4.59044e-05 BUFX8              sky130_ss_1.62_125
3.72361e-10 9.35597e-08 8.30281e-08 1.76960e-07 NOR4X4             sky130_ss_1.62_125
6.22734e-09 2.52561e-07 1.78459e-07 4.37248e-07 CLKBUFX2           sky130_ss_1.62_125
9.47598e-07 2.06211e-04 1.62574e-04 3.69732e-04 ADDFX1             sky130_ss_1.62_125
5.63945e-09 8.84448e-07 4.94254e-06 5.83263e-06 NAND3X4            sky130_ss_1.62_125
2.23063e-10 1.56438e-07 1.81826e-07 3.38487e-07 AOI222X2           sky130_ss_1.62_125
1.79750e-10 1.13707e-07 1.81059e-07 2.94945e-07 AOI221X2           sky130_ss_1.62_125
4.62226e-09 6.73116e-07 2.41035e-06 3.08809e-06 NAND4X2            sky130_ss_1.62_125
7.30858e-09 3.29128e-06 6.64450e-06 9.94309e-06 OAI22X2            sky130_ss_1.62_125
2.86132e-09 5.73177e-07 1.55039e-06 2.12643e-06 OAI221X2           sky130_ss_1.62_125
6.34370e-09 1.29593e-06 3.80751e-06 5.10978e-06 OAI211X2           sky130_ss_1.62_125
6.97966e-10 6.80110e-07 1.00557e-06 1.68638e-06 OAI222X2           sky130_ss_1.62_125
1.12504e-08 1.76934e-06 1.73995e-05 1.91801e-05 CLKBUFX4           sky130_ss_1.62_125
1.53957e-08 2.30739e-06 1.50903e-06 3.83181e-06 DFFRX4             sky130_ss_1.62_125
8.80313e-09 7.83487e-07 9.44784e-08 8.86769e-07 SDFFSX1            sky130_ss_1.62_125
2.13910e-08 2.31686e-06 9.98584e-07 3.33683e-06 SDFFSX4            sky130_ss_1.62_125
1.80246e-08 2.10647e-06 8.84341e-07 3.00884e-06 DFFSX4             sky130_ss_1.62_125
4.34620e-09 4.66944e-07 4.98636e-08 5.21153e-07 TLATX1             sky130_ss_1.62_125
--------------------------------------------------------------------------------------
1.33147e-04 1.29343e-02 6.37094e-03 1.94384e-02 Total              N/A
--------------------------------------------------------------------------------------

